<?xml version="1.0" encoding="UTF-8"?>
<!-- Generated by org.testng.reporters.JUnitXMLReporter -->
<testsuite hostname="BLR-SOFT--68" name="Default test" tests="3" failures="0" timestamp="26 Oct 2018 10:50:08 GMT" time="337.441" errors="0">
  <testcase name="hotelAutomation_Redirections" time="26.233" classname="HotelsWeb.HotelsWebExecution"/>
  <testcase name="hotelAutomation_Hotelsearch_DetailsPage_MetaPrice" time="33.408" classname="HotelsWeb.HotelsWebExecution"/>
  <testcase name="hotelAutomation_CitySearch_Resultpage_MetaPrice" time="234.63" classname="HotelsWeb.HotelsWebExecution"/>
</testsuite> <!-- Default test -->
