<?xml version="1.0" encoding="UTF-8"?>
<!-- Generated by org.testng.reporters.JUnitXMLReporter -->
<testsuite hostname="BLR-SOFT--68" name="Default test" tests="3" failures="0" timestamp="17 Oct 2018 06:19:15 GMT" time="341.401" errors="0">
  <testcase name="hotelAutomation_Redirections" time="23.376" classname="HotelsWeb.HotelsWebExecution"/>
  <testcase name="hotelAutomation_Hotelsearch_DetailsPage_MetaPrice" time="36.453" classname="HotelsWeb.HotelsWebExecution"/>
  <testcase name="hotelAutomation_CitySearch_Resultpage_MetaPrice" time="240.508" classname="HotelsWeb.HotelsWebExecution"/>
</testsuite> <!-- Default test -->
