<?xml version="1.0" encoding="UTF-8"?>
<testng-results skipped="0" failed="0" total="3" passed="3">
  <reporter-output>
  </reporter-output>
  <suite name="Default suite" duration-ms="337441" started-at="2018-10-26T10:44:31Z" finished-at="2018-10-26T10:50:08Z">
    <groups>
    </groups>
    <test name="Default test" duration-ms="337441" started-at="2018-10-26T10:44:31Z" finished-at="2018-10-26T10:50:08Z">
      <class name="HotelsWeb.HotelsWebExecution">
        <test-method status="PASS" signature="clearxcelStatus()[pri:0, instance:HotelsWeb.HotelsWebExecution@475530b9]" name="clearxcelStatus" is-config="true" duration-ms="797" started-at="2018-10-26T16:14:31Z" finished-at="2018-10-26T16:14:31Z">
          <reporter-output>
          </reporter-output>
        </test-method> <!-- clearxcelStatus -->
        <test-method status="PASS" signature="launchbrowser()[pri:0, instance:HotelsWeb.HotelsWebExecution@475530b9]" name="launchbrowser" is-config="true" duration-ms="10919" started-at="2018-10-26T16:14:31Z" finished-at="2018-10-26T16:14:42Z">
          <reporter-output>
          </reporter-output>
        </test-method> <!-- launchbrowser -->
        <test-method status="PASS" signature="hotelAutomation_Redirections()[pri:0, instance:HotelsWeb.HotelsWebExecution@475530b9]" name="hotelAutomation_Redirections" duration-ms="26233" started-at="2018-10-26T16:14:42Z" finished-at="2018-10-26T16:15:09Z">
          <reporter-output>
          </reporter-output>
        </test-method> <!-- hotelAutomation_Redirections -->
        <test-method status="PASS" signature="closebrows()[pri:0, instance:HotelsWeb.HotelsWebExecution@475530b9]" name="closebrows" is-config="true" duration-ms="3380" started-at="2018-10-26T16:15:09Z" finished-at="2018-10-26T16:15:12Z">
          <reporter-output>
          </reporter-output>
        </test-method> <!-- closebrows -->
        <test-method status="PASS" signature="launchbrowser()[pri:0, instance:HotelsWeb.HotelsWebExecution@475530b9]" name="launchbrowser" is-config="true" duration-ms="9327" started-at="2018-10-26T16:15:12Z" finished-at="2018-10-26T16:15:21Z">
          <reporter-output>
          </reporter-output>
        </test-method> <!-- launchbrowser -->
        <test-method status="PASS" signature="hotelAutomation_Hotelsearch_DetailsPage_MetaPrice()[pri:0, instance:HotelsWeb.HotelsWebExecution@475530b9]" name="hotelAutomation_Hotelsearch_DetailsPage_MetaPrice" duration-ms="33408" started-at="2018-10-26T16:15:21Z" finished-at="2018-10-26T16:15:55Z">
          <reporter-output>
          </reporter-output>
        </test-method> <!-- hotelAutomation_Hotelsearch_DetailsPage_MetaPrice -->
        <test-method status="PASS" signature="closebrows()[pri:0, instance:HotelsWeb.HotelsWebExecution@475530b9]" name="closebrows" is-config="true" duration-ms="3694" started-at="2018-10-26T16:15:55Z" finished-at="2018-10-26T16:15:58Z">
          <reporter-output>
          </reporter-output>
        </test-method> <!-- closebrows -->
        <test-method status="PASS" signature="launchbrowser()[pri:0, instance:HotelsWeb.HotelsWebExecution@475530b9]" name="launchbrowser" is-config="true" duration-ms="8949" started-at="2018-10-26T16:15:58Z" finished-at="2018-10-26T16:16:07Z">
          <reporter-output>
          </reporter-output>
        </test-method> <!-- launchbrowser -->
        <test-method status="PASS" signature="hotelAutomation_CitySearch_Resultpage_MetaPrice()[pri:0, instance:HotelsWeb.HotelsWebExecution@475530b9]" name="hotelAutomation_CitySearch_Resultpage_MetaPrice" duration-ms="234630" started-at="2018-10-26T16:16:07Z" finished-at="2018-10-26T16:20:02Z">
          <reporter-output>
          </reporter-output>
        </test-method> <!-- hotelAutomation_CitySearch_Resultpage_MetaPrice -->
        <test-method status="PASS" signature="closebrows()[pri:0, instance:HotelsWeb.HotelsWebExecution@475530b9]" name="closebrows" is-config="true" duration-ms="6069" started-at="2018-10-26T16:20:02Z" finished-at="2018-10-26T16:20:08Z">
          <reporter-output>
          </reporter-output>
        </test-method> <!-- closebrows -->
        <test-method status="PASS" signature="executionReport()[pri:0, instance:HotelsWeb.HotelsWebExecution@475530b9]" name="executionReport" is-config="true" duration-ms="0" started-at="2018-10-26T16:20:08Z" finished-at="2018-10-26T16:20:08Z">
          <reporter-output>
          </reporter-output>
        </test-method> <!-- executionReport -->
      </class> <!-- HotelsWeb.HotelsWebExecution -->
    </test> <!-- Default test -->
  </suite> <!-- Default suite -->
</testng-results>
